2025-05-05 15:38:45,549 [INFO] Activator:176 - 


2025-05-05 15:38:45,550 [INFO] Activator:177 - !SESSION log4j initialized
2025-05-05 15:38:49,365 [INFO] LogOutputStream:77 - [STDOUT_REDIRECT] 
2025-05-05 15:39:03,632 [INFO] ApplicationProperties:184 - Using Application install path: C:\ST\STM32CubeIDE_1.18.1\STM32CubeIDE\plugins\com.st.stm32cube.common.mx_6.14.1.202504091515
2025-05-05 15:39:03,657 [INFO] DbMcusXml:78 - Set database path to: C:\ST\STM32CubeIDE_1.18.1\STM32CubeIDE\plugins\com.st.stm32cube.common.mx_6.14.1.202504091515\\db\/mcu/
2025-05-05 15:39:03,657 [INFO] ApiDb:274 - Set plugin database path to: C:\ST\STM32CubeIDE_1.18.1\STM32CubeIDE\plugins\com.st.stm32cube.common.mx_6.14.1.202504091515\\db\/plugins/boardmanager/
2025-05-05 15:39:03,658 [WARN] ApiDb:259 - Overriding images path with different value:  => C:\ST\STM32CubeIDE_1.18.1\STM32CubeIDE\plugins\com.st.stm32cube.common.mx_6.14.1.202504091515\\db\/plugins/mcufinder/images/
2025-05-05 15:39:03,682 [INFO] ApiDb:250 - Set database path to: C:\Users\汪岂凫\.stmcufinder\plugins\mcufinder//mcu/
2025-05-05 15:39:03,689 [INFO] DbMcusAds:125 - Set database path to: C:\Users\汪岂凫\.stmcufinder\plugins\mcufinder//mcu/
2025-05-05 15:39:03,693 [INFO] CrossReferenceDbSqlite:203 - Set database path to: C:\Users\汪岂凫\.stmcufinder\plugins\mcufinder//mcu/cs/
2025-05-05 15:39:03,860 [INFO] RulesReader:64 - Compatibility file has been processed (302 Rules)
2025-05-05 15:39:03,968 [INFO] DbMcusXml:78 - Set database path to: C:\ST\STM32CubeIDE_1.18.1\STM32CubeIDE\plugins\com.st.stm32cube.common.mx_6.14.1.202504091515\\db\/mcu/
2025-05-05 15:39:03,968 [INFO] ApiDb:274 - Set plugin database path to: C:\ST\STM32CubeIDE_1.18.1\STM32CubeIDE\plugins\com.st.stm32cube.common.mx_6.14.1.202504091515\\db\/plugins/boardmanager/
2025-05-05 15:39:03,968 [INFO] ApiDb:261 - Set plugin images path to: C:\ST\STM32CubeIDE_1.18.1\STM32CubeIDE\plugins\com.st.stm32cube.common.mx_6.14.1.202504091515\\db\/plugins/mcufinder/images/
2025-05-05 15:39:03,968 [WARN] DbFile:41 - Overriding database path with different value: C:\Users\汪岂凫\.stmcufinder\plugins\mcufinder/ => C:\Users\汪岂凫\.stmcufinder\plugins\mcufinder
2025-05-05 15:39:03,968 [INFO] ApiDb:250 - Set database path to: C:\Users\汪岂凫\.stmcufinder\plugins\mcufinder//mcu/
2025-05-05 15:39:03,969 [WARN] DbFile:41 - Overriding database path with different value: C:\Users\汪岂凫\.stmcufinder\plugins\mcufinder/ => C:\Users\汪岂凫\.stmcufinder\plugins\mcufinder
2025-05-05 15:39:03,969 [INFO] DbMcusAds:125 - Set database path to: C:\Users\汪岂凫\.stmcufinder\plugins\mcufinder//mcu/
2025-05-05 15:39:03,969 [WARN] DbFile:41 - Overriding database path with different value: C:\Users\汪岂凫\.stmcufinder\plugins\mcufinder/ => C:\Users\汪岂凫\.stmcufinder\plugins\mcufinder
2025-05-05 15:39:03,969 [WARN] DbFile:41 - Overriding database path with different value: C:\Users\汪岂凫\.stmcufinder\plugins\mcufinder/ => C:\Users\汪岂凫\.stmcufinder\plugins\mcufinder
2025-05-05 15:39:03,969 [INFO] CrossReferenceDbSqlite:203 - Set database path to: C:\Users\汪岂凫\.stmcufinder\plugins\mcufinder//mcu/cs/
2025-05-05 15:39:04,042 [INFO] MainPanel:272 - HeapMemory: 268435456
2025-05-05 15:39:04,145 [INFO] DbMcusXml:78 - Set database path to: C:\ST\STM32CubeIDE_1.18.1\STM32CubeIDE\plugins\com.st.stm32cube.common.mx_6.14.1.202504091515\\db\/mcu/
2025-05-05 15:39:04,145 [INFO] ApiDb:274 - Set plugin database path to: C:\ST\STM32CubeIDE_1.18.1\STM32CubeIDE\plugins\com.st.stm32cube.common.mx_6.14.1.202504091515\\db\/plugins/boardmanager/
2025-05-05 15:39:04,145 [INFO] ApiDb:261 - Set plugin images path to: C:\ST\STM32CubeIDE_1.18.1\STM32CubeIDE\plugins\com.st.stm32cube.common.mx_6.14.1.202504091515\\db\/plugins/mcufinder/images/
2025-05-05 15:39:04,145 [WARN] DbFile:41 - Overriding database path with different value: C:\Users\汪岂凫\.stmcufinder\plugins\mcufinder/ => C:\Users\汪岂凫\.stmcufinder\plugins\mcufinder
2025-05-05 15:39:04,145 [INFO] ApiDb:250 - Set database path to: C:\Users\汪岂凫\.stmcufinder\plugins\mcufinder//mcu/
2025-05-05 15:39:04,145 [WARN] DbFile:41 - Overriding database path with different value: C:\Users\汪岂凫\.stmcufinder\plugins\mcufinder/ => C:\Users\汪岂凫\.stmcufinder\plugins\mcufinder
2025-05-05 15:39:04,146 [INFO] DbMcusAds:125 - Set database path to: C:\Users\汪岂凫\.stmcufinder\plugins\mcufinder//mcu/
2025-05-05 15:39:04,146 [WARN] DbFile:41 - Overriding database path with different value: C:\Users\汪岂凫\.stmcufinder\plugins\mcufinder/ => C:\Users\汪岂凫\.stmcufinder\plugins\mcufinder
2025-05-05 15:39:04,146 [WARN] DbFile:41 - Overriding database path with different value: C:\Users\汪岂凫\.stmcufinder\plugins\mcufinder/ => C:\Users\汪岂凫\.stmcufinder\plugins\mcufinder
2025-05-05 15:39:04,146 [INFO] CrossReferenceDbSqlite:203 - Set database path to: C:\Users\汪岂凫\.stmcufinder\plugins\mcufinder//mcu/cs/
2025-05-05 15:39:04,192 [INFO] ApplicationProperties:184 - Using Application install path: C:\ST\STM32CubeIDE_1.18.1\STM32CubeIDE\plugins\com.st.stm32cube.common.mx_6.14.1.202504091515
2025-05-05 15:39:04,200 [INFO] PluginManage:196 - Search for loadable plugins [exclusion list=, ]
2025-05-05 15:39:04,204 [INFO] PluginManage:310 - Check plugin analytics
2025-05-05 15:39:04,603 [INFO] AnalyticsPlugin:253 - Accepted Software Licenses: 
2025-05-05 15:39:04,603 [INFO] AnalyticsPlugin:255 - Accepted CMSIS Pack Licenses: 
2025-05-05 15:39:04,603 [INFO] AnalyticsPlugin:257 - Accepted Firmware Licenses: 
2025-05-05 15:39:04,611 [INFO] PluginManage:359 - Loaded plugin analytics (category:tool,tabindex:-1)
2025-05-05 15:39:04,611 [INFO] PluginManage:310 - Check plugin cadmodel
2025-05-05 15:39:04,618 [INFO] CADModel:105 - Init CAD model plugin
2025-05-05 15:39:04,619 [INFO] PluginManage:359 - Loaded plugin cadmodel (category:power,tabindex:5)
2025-05-05 15:39:04,619 [INFO] PluginManage:310 - Check plugin clock
2025-05-05 15:39:04,634 [INFO] PluginManage:359 - Loaded plugin clock (category:base,tabindex:2)
2025-05-05 15:39:04,635 [INFO] PluginManage:310 - Check plugin ddr
2025-05-05 15:39:04,641 [INFO] PluginManage:359 - Loaded plugin ddr (category:tool,tabindex:6)
2025-05-05 15:39:04,641 [INFO] PluginManage:310 - Check plugin filemanager
2025-05-05 15:39:04,832 [INFO] PluginManage:359 - Loaded plugin filemanager (category:base,tabindex:10)
2025-05-05 15:39:04,833 [INFO] PluginManage:310 - Check plugin ipmanager
2025-05-05 15:39:04,839 [INFO] PluginManage:359 - Loaded plugin ipmanager (category:base,tabindex:5)
2025-05-05 15:39:04,840 [INFO] PluginManage:310 - Check plugin lpbam
2025-05-05 15:39:04,849 [INFO] PluginManage:359 - Loaded plugin lpbam (category:base,tabindex:0)
2025-05-05 15:39:04,849 [INFO] PluginManage:310 - Check plugin memorymap
2025-05-05 15:39:04,884 [INFO] PluginManage:359 - Loaded plugin memorymap (category:base,tabindex:4)
2025-05-05 15:39:04,886 [INFO] PluginManage:310 - Check plugin pinoutandconfiguration
2025-05-05 15:39:04,893 [INFO] PluginManage:359 - Loaded plugin pinoutandconfiguration (category:base,tabindex:1)
2025-05-05 15:39:04,893 [INFO] PluginManage:310 - Check plugin pinoutconfig
2025-05-05 15:39:05,011 [WARN] SupportedApi:132 - Cannot load RTOS API schema: s4s-elt-must-match.1: The content of 'definitions' must match (annotation?, (simpleType | complexType)?, (unique | key | keyref)*)). A problem was found starting at: attribute.
2025-05-05 15:39:05,162 [INFO] PluginManage:359 - Loaded plugin pinoutconfig (category:base,tabindex:0)
2025-05-05 15:39:05,163 [INFO] PluginManage:310 - Check plugin power
2025-05-05 15:39:05,168 [INFO] PluginManage:359 - Loaded plugin power (category:power,tabindex:4)
2025-05-05 15:39:05,168 [INFO] PluginManage:310 - Check plugin projectmanager
2025-05-05 15:39:05,187 [INFO] PluginManage:359 - Loaded plugin projectmanager (category:projectmanager,tabindex:4)
2025-05-05 15:39:05,187 [INFO] PluginManage:310 - Check plugin rif
2025-05-05 15:39:05,193 [INFO] PluginManage:359 - Loaded plugin rif (category:base,tabindex:3)
2025-05-05 15:39:05,193 [INFO] PluginManage:310 - Check plugin thirdparty
2025-05-05 15:39:05,386 [WARN] IntegrityCheckThread:84 - waiting for thirdparty lock release [integrity check]
2025-05-05 15:39:05,386 [INFO] IntegrityCheckThread:86 - entering critical section [integrity check]
2025-05-05 15:39:05,386 [INFO] ThirdPartyUpdaterWithRetryManager:70 - Updater plugin not ready yet. [1/15]
2025-05-05 15:39:05,386 [INFO] PluginManage:359 - Loaded plugin thirdparty (category:base,tabindex:-1)
2025-05-05 15:39:05,387 [INFO] PluginManage:310 - Check plugin tools
2025-05-05 15:39:05,390 [INFO] PluginManage:359 - Loaded plugin tools (category:base,tabindex:7)
2025-05-05 15:39:05,391 [INFO] PluginManage:310 - Check plugin tutovideos
2025-05-05 15:39:05,536 [INFO] PluginManage:359 - Loaded plugin tutovideos (category:base,tabindex:-1)
2025-05-05 15:39:05,537 [INFO] PluginManage:310 - Check plugin updater
2025-05-05 15:39:05,563 [INFO] PluginManage:359 - Loaded plugin updater (category:base,tabindex:12)
2025-05-05 15:39:05,563 [INFO] PluginManage:310 - Check plugin userauth
2025-05-05 15:39:05,567 [INFO] UserAuth:118 - Init User Auth plugin
2025-05-05 15:39:05,568 [INFO] PluginManage:359 - Loaded plugin userauth (category:base,tabindex:14)
2025-05-05 15:39:05,568 [INFO] PluginManage:283 - PluginManage : Loaded plugins [18]
2025-05-05 15:39:05,766 [INFO] PinOutPanel:1589 - setPackage(No Configuration,No Configuration)
2025-05-05 15:39:05,850 [INFO] CADModel:165 - CPN selected for project level
2025-05-05 15:39:05,850 [INFO] CADModel:114 - Register for checkConnection events
2025-05-05 15:39:05,866 [INFO] IPUIPlugin:80 - create IPUIPlugin
2025-05-05 15:39:05,866 [INFO] PluginManager:220 - loadIPPluginJar : add adc
2025-05-05 15:39:05,869 [INFO] IPUIPlugin:80 - create IPUIPlugin
2025-05-05 15:39:05,869 [INFO] PluginManager:220 - loadIPPluginJar : add aes
2025-05-05 15:39:05,871 [INFO] IPUIPlugin:80 - create IPUIPlugin
2025-05-05 15:39:05,871 [INFO] PluginManager:220 - loadIPPluginJar : add can
2025-05-05 15:39:05,878 [INFO] IPUIPlugin:80 - create IPUIPlugin
2025-05-05 15:39:05,878 [INFO] PluginManager:220 - loadIPPluginJar : add comp
2025-05-05 15:39:05,884 [INFO] IPUIPlugin:80 - create IPUIPlugin
2025-05-05 15:39:05,884 [INFO] PluginManager:220 - loadIPPluginJar : add cryp
2025-05-05 15:39:05,888 [INFO] IPUIPlugin:80 - create IPUIPlugin
2025-05-05 15:39:05,888 [INFO] PluginManager:220 - loadIPPluginJar : add ddr_ctrl_phy
2025-05-05 15:39:05,895 [INFO] IPUIPlugin:80 - create IPUIPlugin
2025-05-05 15:39:05,895 [INFO] PluginManager:220 - loadIPPluginJar : add dfsdm
2025-05-05 15:39:05,902 [INFO] IPUIPlugin:80 - create IPUIPlugin
2025-05-05 15:39:05,903 [INFO] PluginManager:220 - loadIPPluginJar : add dma
2025-05-05 15:39:05,908 [INFO] IPUIPlugin:80 - create IPUIPlugin
2025-05-05 15:39:05,908 [INFO] PluginManager:220 - loadIPPluginJar : add dma3
2025-05-05 15:39:05,912 [INFO] IPUIPlugin:80 - create IPUIPlugin
2025-05-05 15:39:05,912 [INFO] PluginManager:220 - loadIPPluginJar : add extmemmanager
2025-05-05 15:39:05,917 [INFO] IPUIPlugin:80 - create IPUIPlugin
2025-05-05 15:39:05,917 [INFO] PluginManager:220 - loadIPPluginJar : add fatfs
2025-05-05 15:39:05,922 [INFO] IPUIPlugin:80 - create IPUIPlugin
2025-05-05 15:39:05,922 [INFO] PluginManager:220 - loadIPPluginJar : add fmc
2025-05-05 15:39:05,936 [INFO] IPUIPlugin:80 - create IPUIPlugin
2025-05-05 15:39:05,937 [INFO] PluginManager:220 - loadIPPluginJar : add freertos
2025-05-05 15:39:05,939 [INFO] IPUIPlugin:80 - create IPUIPlugin
2025-05-05 15:39:05,939 [INFO] PluginManager:220 - loadIPPluginJar : add genericplugin
2025-05-05 15:39:05,941 [INFO] IPUIPlugin:80 - create IPUIPlugin
2025-05-05 15:39:05,941 [INFO] PluginManager:220 - loadIPPluginJar : add gfxmmu
2025-05-05 15:39:05,947 [INFO] IPUIPlugin:80 - create IPUIPlugin
2025-05-05 15:39:05,948 [INFO] PluginManager:220 - loadIPPluginJar : add gic
2025-05-05 15:39:05,954 [INFO] IPUIPlugin:80 - create IPUIPlugin
2025-05-05 15:39:05,954 [INFO] PluginManager:220 - loadIPPluginJar : add gpio
2025-05-05 15:39:05,958 [INFO] IPUIPlugin:80 - create IPUIPlugin
2025-05-05 15:39:05,958 [INFO] PluginManager:220 - loadIPPluginJar : add gtzc
2025-05-05 15:39:05,961 [INFO] IPUIPlugin:80 - create IPUIPlugin
2025-05-05 15:39:05,962 [INFO] PluginManager:220 - loadIPPluginJar : add hash
2025-05-05 15:39:05,964 [INFO] IPUIPlugin:80 - create IPUIPlugin
2025-05-05 15:39:05,964 [INFO] PluginManager:220 - loadIPPluginJar : add i2c
2025-05-05 15:39:05,966 [INFO] IPUIPlugin:80 - create IPUIPlugin
2025-05-05 15:39:05,967 [INFO] PluginManager:220 - loadIPPluginJar : add i2s
2025-05-05 15:39:05,970 [INFO] IPUIPlugin:80 - create IPUIPlugin
2025-05-05 15:39:05,971 [INFO] PluginManager:220 - loadIPPluginJar : add i3c
2025-05-05 15:39:05,974 [INFO] IPUIPlugin:80 - create IPUIPlugin
2025-05-05 15:39:05,974 [INFO] PluginManager:220 - loadIPPluginJar : add ipddr
2025-05-05 15:39:05,980 [INFO] IPUIPlugin:80 - create IPUIPlugin
2025-05-05 15:39:05,980 [INFO] PluginManager:220 - loadIPPluginJar : add linkedlist
2025-05-05 15:39:05,986 [INFO] IPUIPlugin:80 - create IPUIPlugin
2025-05-05 15:39:05,986 [INFO] PluginManager:220 - loadIPPluginJar : add lorawan
2025-05-05 15:39:05,987 [INFO] IPUIPlugin:80 - create IPUIPlugin
2025-05-05 15:39:05,987 [INFO] PluginManager:220 - loadIPPluginJar : add ltdc
2025-05-05 15:39:05,991 [INFO] IPUIPlugin:80 - create IPUIPlugin
2025-05-05 15:39:05,991 [INFO] PluginManager:220 - loadIPPluginJar : add mdma
2025-05-05 15:39:05,994 [INFO] IPUIPlugin:80 - create IPUIPlugin
2025-05-05 15:39:05,994 [INFO] PluginManager:220 - loadIPPluginJar : add nvic
2025-05-05 15:39:05,997 [INFO] IPUIPlugin:80 - create IPUIPlugin
2025-05-05 15:39:05,997 [INFO] PluginManager:220 - loadIPPluginJar : add opamp
2025-05-05 15:39:06,001 [INFO] IPUIPlugin:80 - create IPUIPlugin
2025-05-05 15:39:06,001 [INFO] PluginManager:220 - loadIPPluginJar : add openamp
2025-05-05 15:39:06,004 [INFO] IPUIPlugin:80 - create IPUIPlugin
2025-05-05 15:39:06,004 [INFO] PluginManager:220 - loadIPPluginJar : add pdm2pcm
2025-05-05 15:39:06,008 [INFO] IPUIPlugin:80 - create IPUIPlugin
2025-05-05 15:39:06,010 [INFO] PluginManager:220 - loadIPPluginJar : add plateformsettings
2025-05-05 15:39:06,011 [INFO] IPUIPlugin:80 - create IPUIPlugin
2025-05-05 15:39:06,011 [INFO] PluginManager:220 - loadIPPluginJar : add quadspi
2025-05-05 15:39:06,012 [INFO] IPUIPlugin:80 - create IPUIPlugin
2025-05-05 15:39:06,013 [INFO] PluginManager:220 - loadIPPluginJar : add radio
2025-05-05 15:39:06,016 [INFO] IPUIPlugin:80 - create IPUIPlugin
2025-05-05 15:39:06,016 [INFO] PluginManager:220 - loadIPPluginJar : add resmgrutility
2025-05-05 15:39:06,018 [INFO] IPUIPlugin:80 - create IPUIPlugin
2025-05-05 15:39:06,018 [INFO] PluginManager:220 - loadIPPluginJar : add sai
2025-05-05 15:39:06,020 [INFO] IPUIPlugin:80 - create IPUIPlugin
2025-05-05 15:39:06,020 [INFO] PluginManager:220 - loadIPPluginJar : add spi
2025-05-05 15:39:06,025 [INFO] IPUIPlugin:80 - create IPUIPlugin
2025-05-05 15:39:06,025 [INFO] PluginManager:220 - loadIPPluginJar : add stm32_wpan
2025-05-05 15:39:06,025 [INFO] IPUIPlugin:80 - create IPUIPlugin
2025-05-05 15:39:06,025 [INFO] PluginManager:220 - loadIPPluginJar : add tim
2025-05-05 15:39:06,027 [INFO] IPUIPlugin:80 - create IPUIPlugin
2025-05-05 15:39:06,027 [INFO] PluginManager:220 - loadIPPluginJar : add touchsensing
2025-05-05 15:39:06,031 [INFO] IPUIPlugin:80 - create IPUIPlugin
2025-05-05 15:39:06,031 [INFO] PluginManager:220 - loadIPPluginJar : add tracer_emb
2025-05-05 15:39:06,037 [INFO] IPUIPlugin:80 - create IPUIPlugin
2025-05-05 15:39:06,037 [INFO] PluginManager:220 - loadIPPluginJar : add ts
2025-05-05 15:39:06,042 [INFO] IPUIPlugin:80 - create IPUIPlugin
2025-05-05 15:39:06,042 [INFO] PluginManager:220 - loadIPPluginJar : add tsc
2025-05-05 15:39:06,048 [INFO] IPUIPlugin:80 - create IPUIPlugin
2025-05-05 15:39:06,048 [INFO] PluginManager:220 - loadIPPluginJar : add ucpd
2025-05-05 15:39:06,055 [INFO] IPUIPlugin:80 - create IPUIPlugin
2025-05-05 15:39:06,055 [INFO] PluginManager:220 - loadIPPluginJar : add usart
2025-05-05 15:39:06,065 [INFO] IPUIPlugin:80 - create IPUIPlugin
2025-05-05 15:39:06,065 [INFO] PluginManager:220 - loadIPPluginJar : add usbx
2025-05-05 15:39:06,198 [FATAL] Updater:351 - Updater called before beeing initialized
2025-05-05 15:39:06,224 [INFO] RulesReader:64 - Compatibility file has been processed (302 Rules)
2025-05-05 15:39:06,235 [INFO] RulesReader:64 - Compatibility file has been processed (302 Rules)
2025-05-05 15:39:06,286 [INFO] CADModel:165 - CPN selected for project level
2025-05-05 15:39:06,286 [INFO] CADModel:114 - Register for checkConnection events
2025-05-05 15:39:06,286 [FATAL] Updater:351 - Updater called before beeing initialized
2025-05-05 15:39:06,286 [ERROR] CADModel:125 - Updater not yet initialized, retry later 
2025-05-05 15:39:06,461 [FATAL] Updater:351 - Updater called before beeing initialized
2025-05-05 15:39:06,462 [INFO] CADModel:165 - CPN selected for project level
2025-05-05 15:39:06,462 [INFO] CADModel:114 - Register for checkConnection events
2025-05-05 15:39:06,462 [FATAL] Updater:351 - Updater called before beeing initialized
2025-05-05 15:39:06,462 [ERROR] CADModel:125 - Updater not yet initialized, retry later 
2025-05-05 15:39:06,466 [FATAL] Updater:351 - Updater called before beeing initialized
2025-05-05 15:39:06,556 [FATAL] Updater:351 - Updater called before beeing initialized
2025-05-05 15:39:06,560 [INFO] DbMcusAds:53 - JSON generation date=Thu Mar 06 22:54:22 GMT+08:00 2025 (1741272862078)
2025-05-05 15:39:06,560 [FATAL] Updater:351 - Updater called before beeing initialized
2025-05-05 15:39:06,587 [WARN] DetailPanel:346 - Failed to get advertising image, set to default
2025-05-05 15:39:06,749 [FATAL] Updater:351 - Updater called before beeing initialized
2025-05-05 15:39:06,751 [FATAL] Updater:351 - Updater called before beeing initialized
2025-05-05 15:39:06,752 [FATAL] Updater:351 - Updater called before beeing initialized
2025-05-05 15:39:06,752 [WARN] DetailPanel:346 - Failed to get advertising image, set to default
2025-05-05 15:39:06,752 [FATAL] Updater:351 - Updater called before beeing initialized
2025-05-05 15:39:06,807 [ERROR] Updater:1198 - MainUpdater not yet initialized. External WinMGr cannot be set.
2025-05-05 15:39:06,813 [INFO] Updater:1134 - Updater Version found : 6.14.1
2025-05-05 15:39:06,836 [INFO] ApplicationProperties:184 - Using Application install path: C:\ST\STM32CubeIDE_1.18.1\STM32CubeIDE\plugins\com.st.stm32cube.common.mx_6.14.1.202504091515
2025-05-05 15:39:07,454 [INFO] MainUpdater:2872 - connection check result : 10
2025-05-05 15:39:07,454 [INFO] MainUpdater:289 - Updater Check For Update Now.
2025-05-05 15:39:07,454 [INFO] MicroXplorer:498 - Change Database Version : DB.6.0.141
2025-05-05 15:39:07,502 [INFO] McuFinderGlobals:63 - Set McuFinder mode to 2 (CubeIDE integrated)
2025-05-05 15:39:07,503 [INFO] UserAuth:171 - activating auth plugin
2025-05-05 15:39:07,505 [INFO] UserAuth:484 - Internet connection configuration mode: 1
2025-05-05 15:39:07,559 [INFO] JxBrowserEngine:152 - Initiate JxBrowser Engine with user profile folder
2025-05-05 15:39:07,664 [INFO] CheckServerUpdateThread:120 - End of CheckServer Thread
2025-05-05 15:39:08,349 [INFO] WebApp:169 - Instantiating new browser for Auth
2025-05-05 15:39:08,707 [WARN] PackLoader:240 - Cannot read IP mode file for STMicroelectronics.FP-SNS-MOTENVWB1.1.4.0
2025-05-05 15:39:08,724 [WARN] PackLoader:240 - Cannot read IP mode file for STMicroelectronics.FP-ATR-ASTRA1.2.0.2
2025-05-05 15:39:08,760 [WARN] PackLoader:240 - Cannot read IP mode file for STMicroelectronics.X-CUBE-SMBUS.2.1.0
2025-05-05 15:39:08,814 [WARN] PackLoader:240 - Cannot read IP mode file for STMicroelectronics.X-CUBE-AZRTOS-F7.1.1.0
2025-05-05 15:39:08,865 [WARN] PackLoader:240 - Cannot read IP mode file for Infineon.AIROC-Wi-Fi-Bluetooth-STM32.1.7.0
2025-05-05 15:39:08,887 [WARN] PackLoader:240 - Cannot read IP mode file for STMicroelectronics.X-CUBE-DISPLAY.3.0.0
2025-05-05 15:39:08,913 [WARN] PackLoader:240 - Cannot read IP mode file for STMicroelectronics.X-CUBE-NFC10.1.0.0
2025-05-05 15:39:08,925 [WARN] PackLoader:240 - Cannot read IP mode file for STMicroelectronics.X-CUBE-BLEMGR.4.0.0
2025-05-05 15:39:08,934 [WARN] PackLoader:240 - Cannot read IP mode file for emotas.I-CUBE-CANOPEN.1.3.0
2025-05-05 15:39:08,940 [WARN] ConditionMgr:438 - getConditionDescription Invalid condition id : Cortex-A Device cause : null
2025-05-05 15:39:08,962 [INFO] LogOutputStream:77 - [STDOUT_REDIRECT] [ThirdParty] unknown protocol: c
2025-05-05 15:39:08,962 [WARN] PackLoader:240 - Cannot read IP mode file for quantropi.X-CUBE-qispace-sdk-base.2.0.0
2025-05-05 15:39:08,962 [WARN] ConditionMgr:1044 - genDependencies : Invalid condition id : Cortex-A Device cause : null
2025-05-05 15:39:08,962 [WARN] ConditionMgr:1044 - genDependencies : Invalid condition id : Cortex-A Device cause : null
2025-05-05 15:39:08,962 [WARN] ConditionMgr:1044 - genDependencies : Invalid condition id : Cortex-A Device cause : null
2025-05-05 15:39:08,967 [WARN] PackLoader:240 - Cannot read IP mode file for STMicroelectronics.X-CUBE-AI.10.0.0
2025-05-05 15:39:08,970 [WARN] PackLoader:240 - Cannot read IP mode file for STMicroelectronics.FP-SNS-SMARTAG2.1.2.0
2025-05-05 15:39:08,975 [WARN] PackLoader:240 - Cannot read IP mode file for STMicroelectronics.FP-SNS-FLIGHT1.5.1.0
2025-05-05 15:39:08,989 [INFO] LogOutputStream:77 - [STDOUT_REDIRECT] 1 : Invalid condition id : UX_CORESTACK_Condition cause : null
2025-05-05 15:39:08,991 [INFO] LogOutputStream:77 - [STDOUT_REDIRECT] 1 : Invalid condition id : UX_CORESTACK_Condition cause : null
2025-05-05 15:39:08,992 [INFO] LogOutputStream:77 - [STDOUT_REDIRECT] 1 : Invalid condition id : UX_CORESTACK_Condition cause : null
2025-05-05 15:39:08,994 [INFO] LogOutputStream:77 - [STDOUT_REDIRECT] 1 : Invalid condition id : UX_CORESTACK_Condition cause : null
2025-05-05 15:39:08,996 [INFO] LogOutputStream:77 - [STDOUT_REDIRECT] 1 : Invalid condition id : UX_CORESTACK_Condition cause : null
2025-05-05 15:39:08,998 [WARN] PackLoader:240 - Cannot read IP mode file for STMicroelectronics.X-CUBE-AZRTOS-WL.2.0.0
2025-05-05 15:39:09,003 [WARN] PackLoader:240 - Cannot read IP mode file for STMicroelectronics.FP-SNS-MOTENV1.5.0.0
2025-05-05 15:39:09,015 [WARN] PackLoader:240 - Cannot read IP mode file for WES.I-CUBE-Cesium.1.3.0
2025-05-05 15:39:09,019 [WARN] PackLoader:240 - Cannot read IP mode file for STMicroelectronics.X-CUBE-BLE2.3.3.0
2025-05-05 15:39:09,024 [WARN] PackLoader:240 - Cannot read IP mode file for STMicroelectronics.X-CUBE-NFC9.1.0.0
2025-05-05 15:39:09,029 [WARN] PackLoader:240 - Cannot read IP mode file for STMicroelectronics.X-CUBE-BLE1.7.1.0
2025-05-05 15:39:09,032 [WARN] PackLoader:240 - Cannot read IP mode file for wolfSSL.I-CUBE-wolfMQTT.1.19.2
2025-05-05 15:39:09,081 [WARN] PackLoader:240 - Cannot read IP mode file for STMicroelectronics.X-CUBE-MEMS1.11.2.0
2025-05-05 15:39:09,183 [WARN] PackLoader:240 - Cannot read IP mode file for STMicroelectronics.X-CUBE-AZRTOS-G0.1.1.0
2025-05-05 15:39:09,189 [WARN] PackLoader:240 - Cannot read IP mode file for STMicroelectronics.X-CUBE-SAFEA1.1.2.2
2025-05-05 15:39:09,194 [WARN] PackLoader:240 - Cannot read IP mode file for STMicroelectronics.X-CUBE-NFC4.3.0.0
2025-05-05 15:39:09,200 [WARN] PackLoader:240 - Cannot read IP mode file for EmbeddedOffice.I-CUBE-FS-RTOS.1.0.1
2025-05-05 15:39:09,204 [WARN] PackLoader:240 - Cannot read IP mode file for STMicroelectronics.X-CUBE-WB05N.2.0.0
2025-05-05 15:39:09,208 [WARN] PackLoader:240 - Cannot read IP mode file for wolfSSL.I-CUBE-wolfTPM.3.8.0
2025-05-05 15:39:09,212 [WARN] PackLoader:240 - Cannot read IP mode file for STMicroelectronics.X-CUBE-TCPP.4.2.0
2025-05-05 15:39:09,217 [WARN] PackLoader:240 - Cannot read IP mode file for RealThread.X-CUBE-RT-Thread_Nano.4.1.1
2025-05-05 15:39:09,221 [WARN] PackLoader:240 - Cannot read IP mode file for STMicroelectronics.FP-ATR-SIGFOX1.3.2.0
2025-05-05 15:39:09,224 [WARN] PackLoader:240 - Cannot read IP mode file for STMicroelectronics.X-CUBE-EEPRMA1.5.1.0
2025-05-05 15:39:09,229 [WARN] PackLoader:240 - Cannot read IP mode file for wolfSSL.I-CUBE-wolfSSL.5.7.6
2025-05-05 15:39:09,233 [WARN] PackLoader:240 - Cannot read IP mode file for ITTIA_DB.I-CUBE-ITTIADB.8.9.0
2025-05-05 15:39:09,249 [WARN] PackLoader:240 - Cannot read IP mode file for SEGGER.I-CUBE-embOS.1.3.1
2025-05-05 15:39:09,334 [WARN] PackLoader:240 - Cannot read IP mode file for STMicroelectronics.X-CUBE-ALGOBUILD.1.4.0
2025-05-05 15:39:09,360 [WARN] PackLoader:240 - Cannot read IP mode file for STMicroelectronics.X-CUBE-AZRTOS-F4.1.1.0
2025-05-05 15:39:09,367 [WARN] PackLoader:240 - Cannot read IP mode file for Avnet-IotConnect.X-CUBE-IoTC-DA16k-PMOD.1.0.0
2025-05-05 15:39:09,372 [WARN] PackLoader:240 - Cannot read IP mode file for STMicroelectronics.X-CUBE-ISPU.2.1.0
2025-05-05 15:39:09,383 [WARN] PackLoader:240 - Cannot read IP mode file for STMicroelectronics.X-CUBE-AZRTOS-L5.2.0.0
2025-05-05 15:39:09,392 [WARN] PackLoader:240 - Cannot read IP mode file for STMicroelectronics.X-CUBE-NFC6.3.1.0
2025-05-05 15:39:09,400 [WARN] PackLoader:240 - Cannot read IP mode file for STMicroelectronics.X-CUBE-FREERTOS.1.3.0
2025-05-05 15:39:09,405 [WARN] PackLoader:240 - Cannot read IP mode file for STMicroelectronics.X-CUBE-NFC7.1.0.1
2025-05-05 15:39:09,411 [WARN] PackLoader:240 - Cannot read IP mode file for STMicroelectronics.X-CUBE-DPower.1.3.0
2025-05-05 15:39:09,421 [WARN] ConditionMgr:438 - getConditionDescription Invalid condition id : LAN8742 Phy interface Condition cause : null
2025-05-05 15:39:09,421 [WARN] PackLoader:240 - Cannot read IP mode file for STMicroelectronics.X-CUBE-AZRTOS-L4.2.0.0
2025-05-05 15:39:09,423 [WARN] ConditionMgr:1044 - genDependencies : Invalid condition id : LAN8742 Phy interface Condition cause : null
2025-05-05 15:39:09,423 [WARN] ConditionMgr:1044 - genDependencies : Invalid condition id : LAN8742 Phy interface Condition cause : null
2025-05-05 15:39:09,424 [WARN] ConditionMgr:1044 - genDependencies : Invalid condition id : LAN8742 Phy interface Condition cause : null
2025-05-05 15:39:09,428 [WARN] PackLoader:240 - Cannot read IP mode file for STMicroelectronics.X-CUBE-SFXS2LP1.4.0.0
2025-05-05 15:39:09,442 [WARN] PackLoader:240 - Cannot read IP mode file for STMicroelectronics.X-CUBE-AZRTOS-H7.3.3.0
2025-05-05 15:39:09,453 [WARN] ConditionMgr:438 - getConditionDescription Invalid condition id : UX DEVICE CLASS RTOS Condition cause : null
2025-05-05 15:39:09,453 [WARN] ConditionMgr:438 - getConditionDescription Invalid condition id : UX DEVICE CLASS RTOS Condition cause : null
2025-05-05 15:39:09,455 [WARN] PackLoader:240 - Cannot read IP mode file for STMicroelectronics.X-CUBE-AZRTOS-WB.2.0.0
2025-05-05 15:39:09,455 [WARN] ConditionMgr:1044 - genDependencies : Invalid condition id : UX DEVICE CLASS RTOS Condition cause : null
2025-05-05 15:39:09,455 [WARN] ConditionMgr:1044 - genDependencies : Invalid condition id : UX DEVICE CLASS RTOS Condition cause : null
2025-05-05 15:39:09,455 [WARN] ConditionMgr:1044 - genDependencies : Invalid condition id : UX DEVICE CLASS RTOS Condition cause : null
2025-05-05 15:39:09,455 [WARN] ConditionMgr:1044 - genDependencies : Invalid condition id : UX DEVICE CLASS RTOS Condition cause : null
2025-05-05 15:39:09,455 [WARN] ConditionMgr:1044 - genDependencies : Invalid condition id : UX DEVICE CLASS RTOS Condition cause : null
2025-05-05 15:39:09,460 [WARN] PackLoader:240 - Cannot read IP mode file for STMicroelectronics.X-CUBE-GNSS1.7.0.1
2025-05-05 15:39:09,475 [WARN] PackLoader:240 - Cannot read IP mode file for STMicroelectronics.X-CUBE-TOUCHGFX.4.25.0
2025-05-05 15:39:09,481 [WARN] PackLoader:240 - Cannot read IP mode file for STMicroelectronics.FP-SNS-STBOX1.2.0.0
2025-05-05 15:39:09,490 [WARN] PackLoader:240 - Cannot read IP mode file for STMicroelectronics.X-CUBE-SUBG2.5.0.0
2025-05-05 15:39:09,506 [WARN] PackLoader:240 - Cannot read IP mode file for STMicroelectronics.X-CUBE-AZRTOS-H7RS.1.1.0
2025-05-05 15:39:09,511 [WARN] PackLoader:240 - Cannot read IP mode file for Cesanta.I-CUBE-Mongoose.7.13.0
2025-05-05 15:39:09,520 [WARN] PackLoader:240 - Cannot read IP mode file for STMicroelectronics.X-CUBE-AZRTOS-G4.2.0.0
2025-05-05 15:39:09,528 [WARN] PackLoader:240 - Cannot read IP mode file for wolfSSL.I-CUBE-wolfSSH.1.4.20
2025-05-05 15:39:09,531 [WARN] PackLoader:240 - Cannot read IP mode file for STMicroelectronics.X-CUBE-NFC7.2.0.0
2025-05-05 15:39:09,540 [WARN] PackLoader:240 - Cannot read IP mode file for STMicroelectronics.X-CUBE-IPS.3.1.0
2025-05-05 15:39:09,556 [WARN] PackLoader:240 - Cannot read IP mode file for STMicroelectronics.X-CUBE-ALS.1.0.2
2025-05-05 15:39:09,562 [WARN] PackLoader:240 - Cannot read IP mode file for portGmbH.I-Cube-SoM-uGOAL.1.1.0
2025-05-05 15:39:09,570 [WARN] PackLoader:240 - Cannot read IP mode file for STMicroelectronics.X-CUBE-TOF1.3.4.3
2025-05-05 15:39:09,577 [INFO] ThirdParty:978 - Integrity check success = true
2025-05-05 15:39:09,577 [INFO] IntegrityCheckThread:100 - exiting critical section [integrity check]
2025-05-05 15:39:09,577 [INFO] IntegrityCheckThread:103 - End integrity checks thread
2025-05-05 15:39:10,564 [INFO] WebApp:463 - Apply proxy settings
2025-05-05 15:39:10,565 [INFO] WebApp:548 - Chromium requires no authentication
2025-05-05 15:39:10,574 [INFO] WebApp:491 - Direct internet connection detected
2025-05-05 15:39:10,619 [INFO] WebApp:894 - Register for checkConnection events
2025-05-05 15:39:10,619 [INFO] WebApp:463 - Apply proxy settings
2025-05-05 15:39:10,619 [INFO] WebApp:548 - Chromium requires no authentication
2025-05-05 15:39:10,620 [INFO] WebApp:491 - Direct internet connection detected
2025-05-05 15:39:10,791 [INFO] WebApp:225 - Starting web application
2025-05-05 15:39:10,791 [INFO] WebApp:593 - Web application path used C:\ST\STM32CubeIDE_1.18.1\STM32CubeIDE\plugins\com.st.stm32cube.common.mx_6.14.1.202504091515\db\plugins\mcufinder\reactClient1\index.html
2025-05-05 15:40:38,728 [ERROR] LogOutputStream:75 - [STDERR_REDIRECT] 
2025-05-05 15:40:57,284 [INFO] Activator:176 - 


2025-05-05 15:40:57,284 [INFO] Activator:177 - !SESSION log4j initialized
2025-05-05 15:41:00,442 [INFO] LogOutputStream:77 - [STDOUT_REDIRECT] 
2025-05-05 15:41:13,211 [INFO] ApplicationProperties:184 - Using Application install path: C:\ST\STM32CubeIDE_1.18.1\STM32CubeIDE\plugins\com.st.stm32cube.common.mx_6.14.1.202504091515
2025-05-05 15:41:13,232 [INFO] DbMcusXml:78 - Set database path to: C:\ST\STM32CubeIDE_1.18.1\STM32CubeIDE\plugins\com.st.stm32cube.common.mx_6.14.1.202504091515\\db\/mcu/
2025-05-05 15:41:13,232 [INFO] ApiDb:274 - Set plugin database path to: C:\ST\STM32CubeIDE_1.18.1\STM32CubeIDE\plugins\com.st.stm32cube.common.mx_6.14.1.202504091515\\db\/plugins/boardmanager/
2025-05-05 15:41:13,232 [WARN] ApiDb:259 - Overriding images path with different value:  => C:\ST\STM32CubeIDE_1.18.1\STM32CubeIDE\plugins\com.st.stm32cube.common.mx_6.14.1.202504091515\\db\/plugins/mcufinder/images/
2025-05-05 15:41:13,237 [INFO] ApiDb:250 - Set database path to: C:\Users\汪岂凫\.stmcufinder\plugins\mcufinder//mcu/
2025-05-05 15:41:13,240 [INFO] DbMcusAds:125 - Set database path to: C:\Users\汪岂凫\.stmcufinder\plugins\mcufinder//mcu/
2025-05-05 15:41:13,246 [INFO] CrossReferenceDbSqlite:203 - Set database path to: C:\Users\汪岂凫\.stmcufinder\plugins\mcufinder//mcu/cs/
2025-05-05 15:41:13,369 [INFO] RulesReader:64 - Compatibility file has been processed (302 Rules)
2025-05-05 15:41:13,448 [INFO] DbMcusXml:78 - Set database path to: C:\ST\STM32CubeIDE_1.18.1\STM32CubeIDE\plugins\com.st.stm32cube.common.mx_6.14.1.202504091515\\db\/mcu/
2025-05-05 15:41:13,448 [INFO] ApiDb:274 - Set plugin database path to: C:\ST\STM32CubeIDE_1.18.1\STM32CubeIDE\plugins\com.st.stm32cube.common.mx_6.14.1.202504091515\\db\/plugins/boardmanager/
2025-05-05 15:41:13,448 [INFO] ApiDb:261 - Set plugin images path to: C:\ST\STM32CubeIDE_1.18.1\STM32CubeIDE\plugins\com.st.stm32cube.common.mx_6.14.1.202504091515\\db\/plugins/mcufinder/images/
2025-05-05 15:41:13,448 [WARN] DbFile:41 - Overriding database path with different value: C:\Users\汪岂凫\.stmcufinder\plugins\mcufinder/ => C:\Users\汪岂凫\.stmcufinder\plugins\mcufinder
2025-05-05 15:41:13,448 [INFO] ApiDb:250 - Set database path to: C:\Users\汪岂凫\.stmcufinder\plugins\mcufinder//mcu/
2025-05-05 15:41:13,449 [WARN] DbFile:41 - Overriding database path with different value: C:\Users\汪岂凫\.stmcufinder\plugins\mcufinder/ => C:\Users\汪岂凫\.stmcufinder\plugins\mcufinder
2025-05-05 15:41:13,449 [INFO] DbMcusAds:125 - Set database path to: C:\Users\汪岂凫\.stmcufinder\plugins\mcufinder//mcu/
2025-05-05 15:41:13,449 [WARN] DbFile:41 - Overriding database path with different value: C:\Users\汪岂凫\.stmcufinder\plugins\mcufinder/ => C:\Users\汪岂凫\.stmcufinder\plugins\mcufinder
2025-05-05 15:41:13,449 [WARN] DbFile:41 - Overriding database path with different value: C:\Users\汪岂凫\.stmcufinder\plugins\mcufinder/ => C:\Users\汪岂凫\.stmcufinder\plugins\mcufinder
2025-05-05 15:41:13,449 [INFO] CrossReferenceDbSqlite:203 - Set database path to: C:\Users\汪岂凫\.stmcufinder\plugins\mcufinder//mcu/cs/
2025-05-05 15:41:13,509 [INFO] MainPanel:272 - HeapMemory: 355467264
2025-05-05 15:41:13,571 [INFO] DbMcusXml:78 - Set database path to: C:\ST\STM32CubeIDE_1.18.1\STM32CubeIDE\plugins\com.st.stm32cube.common.mx_6.14.1.202504091515\\db\/mcu/
2025-05-05 15:41:13,571 [INFO] ApiDb:274 - Set plugin database path to: C:\ST\STM32CubeIDE_1.18.1\STM32CubeIDE\plugins\com.st.stm32cube.common.mx_6.14.1.202504091515\\db\/plugins/boardmanager/
2025-05-05 15:41:13,571 [INFO] ApiDb:261 - Set plugin images path to: C:\ST\STM32CubeIDE_1.18.1\STM32CubeIDE\plugins\com.st.stm32cube.common.mx_6.14.1.202504091515\\db\/plugins/mcufinder/images/
2025-05-05 15:41:13,571 [WARN] DbFile:41 - Overriding database path with different value: C:\Users\汪岂凫\.stmcufinder\plugins\mcufinder/ => C:\Users\汪岂凫\.stmcufinder\plugins\mcufinder
2025-05-05 15:41:13,571 [INFO] ApiDb:250 - Set database path to: C:\Users\汪岂凫\.stmcufinder\plugins\mcufinder//mcu/
2025-05-05 15:41:13,571 [WARN] DbFile:41 - Overriding database path with different value: C:\Users\汪岂凫\.stmcufinder\plugins\mcufinder/ => C:\Users\汪岂凫\.stmcufinder\plugins\mcufinder
2025-05-05 15:41:13,571 [INFO] DbMcusAds:125 - Set database path to: C:\Users\汪岂凫\.stmcufinder\plugins\mcufinder//mcu/
2025-05-05 15:41:13,572 [WARN] DbFile:41 - Overriding database path with different value: C:\Users\汪岂凫\.stmcufinder\plugins\mcufinder/ => C:\Users\汪岂凫\.stmcufinder\plugins\mcufinder
2025-05-05 15:41:13,572 [WARN] DbFile:41 - Overriding database path with different value: C:\Users\汪岂凫\.stmcufinder\plugins\mcufinder/ => C:\Users\汪岂凫\.stmcufinder\plugins\mcufinder
2025-05-05 15:41:13,572 [INFO] CrossReferenceDbSqlite:203 - Set database path to: C:\Users\汪岂凫\.stmcufinder\plugins\mcufinder//mcu/cs/
2025-05-05 15:41:13,588 [INFO] ApplicationProperties:184 - Using Application install path: C:\ST\STM32CubeIDE_1.18.1\STM32CubeIDE\plugins\com.st.stm32cube.common.mx_6.14.1.202504091515
2025-05-05 15:41:13,590 [INFO] PluginManage:196 - Search for loadable plugins [exclusion list=, ]
2025-05-05 15:41:13,592 [INFO] PluginManage:310 - Check plugin analytics
2025-05-05 15:41:13,833 [INFO] AnalyticsPlugin:253 - Accepted Software Licenses: 
2025-05-05 15:41:13,833 [INFO] AnalyticsPlugin:255 - Accepted CMSIS Pack Licenses: 
2025-05-05 15:41:13,833 [INFO] AnalyticsPlugin:257 - Accepted Firmware Licenses: 
2025-05-05 15:41:13,840 [INFO] PluginManage:359 - Loaded plugin analytics (category:tool,tabindex:-1)
2025-05-05 15:41:13,842 [INFO] PluginManage:310 - Check plugin cadmodel
2025-05-05 15:41:13,848 [INFO] CADModel:105 - Init CAD model plugin
2025-05-05 15:41:13,848 [INFO] PluginManage:359 - Loaded plugin cadmodel (category:power,tabindex:5)
2025-05-05 15:41:13,849 [INFO] PluginManage:310 - Check plugin clock
2025-05-05 15:41:13,863 [INFO] PluginManage:359 - Loaded plugin clock (category:base,tabindex:2)
2025-05-05 15:41:13,863 [INFO] PluginManage:310 - Check plugin ddr
2025-05-05 15:41:13,866 [INFO] PluginManage:359 - Loaded plugin ddr (category:tool,tabindex:6)
2025-05-05 15:41:13,867 [INFO] PluginManage:310 - Check plugin filemanager
2025-05-05 15:41:14,113 [INFO] PluginManage:359 - Loaded plugin filemanager (category:base,tabindex:10)
2025-05-05 15:41:14,113 [INFO] PluginManage:310 - Check plugin ipmanager
2025-05-05 15:41:14,120 [INFO] PluginManage:359 - Loaded plugin ipmanager (category:base,tabindex:5)
2025-05-05 15:41:14,120 [INFO] PluginManage:310 - Check plugin lpbam
2025-05-05 15:41:14,126 [INFO] PluginManage:359 - Loaded plugin lpbam (category:base,tabindex:0)
2025-05-05 15:41:14,126 [INFO] PluginManage:310 - Check plugin memorymap
2025-05-05 15:41:14,141 [INFO] PluginManage:359 - Loaded plugin memorymap (category:base,tabindex:4)
2025-05-05 15:41:14,141 [INFO] PluginManage:310 - Check plugin pinoutandconfiguration
2025-05-05 15:41:14,169 [INFO] PluginManage:359 - Loaded plugin pinoutandconfiguration (category:base,tabindex:1)
2025-05-05 15:41:14,169 [INFO] PluginManage:310 - Check plugin pinoutconfig
2025-05-05 15:41:14,285 [WARN] SupportedApi:132 - Cannot load RTOS API schema: s4s-elt-must-match.1: The content of 'definitions' must match (annotation?, (simpleType | complexType)?, (unique | key | keyref)*)). A problem was found starting at: attribute.
2025-05-05 15:41:14,498 [INFO] PluginManage:359 - Loaded plugin pinoutconfig (category:base,tabindex:0)
2025-05-05 15:41:14,499 [INFO] PluginManage:310 - Check plugin power
2025-05-05 15:41:14,504 [INFO] PluginManage:359 - Loaded plugin power (category:power,tabindex:4)
2025-05-05 15:41:14,505 [INFO] PluginManage:310 - Check plugin projectmanager
2025-05-05 15:41:14,521 [INFO] PluginManage:359 - Loaded plugin projectmanager (category:projectmanager,tabindex:4)
2025-05-05 15:41:14,521 [INFO] PluginManage:310 - Check plugin rif
2025-05-05 15:41:14,525 [INFO] PluginManage:359 - Loaded plugin rif (category:base,tabindex:3)
2025-05-05 15:41:14,525 [INFO] PluginManage:310 - Check plugin thirdparty
2025-05-05 15:41:14,657 [INFO] PluginManage:359 - Loaded plugin thirdparty (category:base,tabindex:-1)
2025-05-05 15:41:14,658 [INFO] PluginManage:310 - Check plugin tools
2025-05-05 15:41:14,657 [WARN] IntegrityCheckThread:84 - waiting for thirdparty lock release [integrity check]
2025-05-05 15:41:14,658 [INFO] IntegrityCheckThread:86 - entering critical section [integrity check]
2025-05-05 15:41:14,658 [INFO] ThirdPartyUpdaterWithRetryManager:70 - Updater plugin not ready yet. [1/15]
2025-05-05 15:41:14,661 [INFO] PluginManage:359 - Loaded plugin tools (category:base,tabindex:7)
2025-05-05 15:41:14,661 [INFO] PluginManage:310 - Check plugin tutovideos
2025-05-05 15:41:14,781 [INFO] PluginManage:359 - Loaded plugin tutovideos (category:base,tabindex:-1)
2025-05-05 15:41:14,782 [INFO] PluginManage:310 - Check plugin updater
2025-05-05 15:41:14,803 [INFO] PluginManage:359 - Loaded plugin updater (category:base,tabindex:12)
2025-05-05 15:41:14,803 [INFO] PluginManage:310 - Check plugin userauth
2025-05-05 15:41:14,808 [INFO] UserAuth:118 - Init User Auth plugin
2025-05-05 15:41:14,809 [INFO] PluginManage:359 - Loaded plugin userauth (category:base,tabindex:14)
2025-05-05 15:41:14,810 [INFO] PluginManage:283 - PluginManage : Loaded plugins [18]
2025-05-05 15:41:14,991 [INFO] PinOutPanel:1589 - setPackage(No Configuration,No Configuration)
2025-05-05 15:41:15,054 [INFO] CADModel:165 - CPN selected for project level
2025-05-05 15:41:15,055 [INFO] CADModel:114 - Register for checkConnection events
2025-05-05 15:41:15,068 [INFO] IPUIPlugin:80 - create IPUIPlugin
2025-05-05 15:41:15,068 [INFO] PluginManager:220 - loadIPPluginJar : add adc
2025-05-05 15:41:15,071 [INFO] IPUIPlugin:80 - create IPUIPlugin
2025-05-05 15:41:15,071 [INFO] PluginManager:220 - loadIPPluginJar : add aes
2025-05-05 15:41:15,073 [INFO] IPUIPlugin:80 - create IPUIPlugin
2025-05-05 15:41:15,073 [INFO] PluginManager:220 - loadIPPluginJar : add can
2025-05-05 15:41:15,074 [INFO] IPUIPlugin:80 - create IPUIPlugin
2025-05-05 15:41:15,074 [INFO] PluginManager:220 - loadIPPluginJar : add comp
2025-05-05 15:41:15,075 [INFO] IPUIPlugin:80 - create IPUIPlugin
2025-05-05 15:41:15,075 [INFO] PluginManager:220 - loadIPPluginJar : add cryp
2025-05-05 15:41:15,077 [INFO] IPUIPlugin:80 - create IPUIPlugin
2025-05-05 15:41:15,077 [INFO] PluginManager:220 - loadIPPluginJar : add ddr_ctrl_phy
2025-05-05 15:41:15,079 [INFO] IPUIPlugin:80 - create IPUIPlugin
2025-05-05 15:41:15,079 [INFO] PluginManager:220 - loadIPPluginJar : add dfsdm
2025-05-05 15:41:15,083 [INFO] IPUIPlugin:80 - create IPUIPlugin
2025-05-05 15:41:15,084 [INFO] PluginManager:220 - loadIPPluginJar : add dma
2025-05-05 15:41:15,086 [INFO] IPUIPlugin:80 - create IPUIPlugin
2025-05-05 15:41:15,086 [INFO] PluginManager:220 - loadIPPluginJar : add dma3
2025-05-05 15:41:15,088 [INFO] IPUIPlugin:80 - create IPUIPlugin
2025-05-05 15:41:15,088 [INFO] PluginManager:220 - loadIPPluginJar : add extmemmanager
2025-05-05 15:41:15,089 [INFO] IPUIPlugin:80 - create IPUIPlugin
2025-05-05 15:41:15,089 [INFO] PluginManager:220 - loadIPPluginJar : add fatfs
2025-05-05 15:41:15,092 [INFO] IPUIPlugin:80 - create IPUIPlugin
2025-05-05 15:41:15,092 [INFO] PluginManager:220 - loadIPPluginJar : add fmc
2025-05-05 15:41:15,098 [INFO] IPUIPlugin:80 - create IPUIPlugin
2025-05-05 15:41:15,098 [INFO] PluginManager:220 - loadIPPluginJar : add freertos
2025-05-05 15:41:15,099 [INFO] IPUIPlugin:80 - create IPUIPlugin
2025-05-05 15:41:15,099 [INFO] PluginManager:220 - loadIPPluginJar : add genericplugin
2025-05-05 15:41:15,101 [INFO] IPUIPlugin:80 - create IPUIPlugin
2025-05-05 15:41:15,101 [INFO] PluginManager:220 - loadIPPluginJar : add gfxmmu
2025-05-05 15:41:15,105 [INFO] IPUIPlugin:80 - create IPUIPlugin
2025-05-05 15:41:15,105 [INFO] PluginManager:220 - loadIPPluginJar : add gic
2025-05-05 15:41:15,108 [INFO] IPUIPlugin:80 - create IPUIPlugin
2025-05-05 15:41:15,108 [INFO] PluginManager:220 - loadIPPluginJar : add gpio
2025-05-05 15:41:15,112 [INFO] IPUIPlugin:80 - create IPUIPlugin
2025-05-05 15:41:15,112 [INFO] PluginManager:220 - loadIPPluginJar : add gtzc
2025-05-05 15:41:15,115 [INFO] IPUIPlugin:80 - create IPUIPlugin
2025-05-05 15:41:15,115 [INFO] PluginManager:220 - loadIPPluginJar : add hash
2025-05-05 15:41:15,115 [INFO] IPUIPlugin:80 - create IPUIPlugin
2025-05-05 15:41:15,117 [INFO] PluginManager:220 - loadIPPluginJar : add i2c
2025-05-05 15:41:15,119 [INFO] IPUIPlugin:80 - create IPUIPlugin
2025-05-05 15:41:15,119 [INFO] PluginManager:220 - loadIPPluginJar : add i2s
2025-05-05 15:41:15,121 [INFO] IPUIPlugin:80 - create IPUIPlugin
2025-05-05 15:41:15,122 [INFO] PluginManager:220 - loadIPPluginJar : add i3c
2025-05-05 15:41:15,125 [INFO] IPUIPlugin:80 - create IPUIPlugin
2025-05-05 15:41:15,125 [INFO] PluginManager:220 - loadIPPluginJar : add ipddr
2025-05-05 15:41:15,131 [INFO] IPUIPlugin:80 - create IPUIPlugin
2025-05-05 15:41:15,131 [INFO] PluginManager:220 - loadIPPluginJar : add linkedlist
2025-05-05 15:41:15,143 [INFO] IPUIPlugin:80 - create IPUIPlugin
2025-05-05 15:41:15,143 [INFO] PluginManager:220 - loadIPPluginJar : add lorawan
2025-05-05 15:41:15,144 [INFO] IPUIPlugin:80 - create IPUIPlugin
2025-05-05 15:41:15,144 [INFO] PluginManager:220 - loadIPPluginJar : add ltdc
2025-05-05 15:41:15,150 [INFO] IPUIPlugin:80 - create IPUIPlugin
2025-05-05 15:41:15,150 [INFO] PluginManager:220 - loadIPPluginJar : add mdma
2025-05-05 15:41:15,156 [INFO] IPUIPlugin:80 - create IPUIPlugin
2025-05-05 15:41:15,157 [INFO] PluginManager:220 - loadIPPluginJar : add nvic
2025-05-05 15:41:15,159 [INFO] IPUIPlugin:80 - create IPUIPlugin
2025-05-05 15:41:15,159 [INFO] PluginManager:220 - loadIPPluginJar : add opamp
2025-05-05 15:41:15,162 [INFO] IPUIPlugin:80 - create IPUIPlugin
2025-05-05 15:41:15,162 [INFO] PluginManager:220 - loadIPPluginJar : add openamp
2025-05-05 15:41:15,163 [INFO] IPUIPlugin:80 - create IPUIPlugin
2025-05-05 15:41:15,163 [INFO] PluginManager:220 - loadIPPluginJar : add pdm2pcm
2025-05-05 15:41:15,168 [INFO] IPUIPlugin:80 - create IPUIPlugin
2025-05-05 15:41:15,169 [INFO] PluginManager:220 - loadIPPluginJar : add plateformsettings
2025-05-05 15:41:15,171 [INFO] IPUIPlugin:80 - create IPUIPlugin
2025-05-05 15:41:15,171 [INFO] PluginManager:220 - loadIPPluginJar : add quadspi
2025-05-05 15:41:15,177 [INFO] IPUIPlugin:80 - create IPUIPlugin
2025-05-05 15:41:15,178 [INFO] PluginManager:220 - loadIPPluginJar : add radio
2025-05-05 15:41:15,186 [INFO] IPUIPlugin:80 - create IPUIPlugin
2025-05-05 15:41:15,186 [INFO] PluginManager:220 - loadIPPluginJar : add resmgrutility
2025-05-05 15:41:15,188 [INFO] IPUIPlugin:80 - create IPUIPlugin
2025-05-05 15:41:15,188 [INFO] PluginManager:220 - loadIPPluginJar : add sai
2025-05-05 15:41:15,189 [INFO] IPUIPlugin:80 - create IPUIPlugin
2025-05-05 15:41:15,189 [INFO] PluginManager:220 - loadIPPluginJar : add spi
2025-05-05 15:41:15,193 [INFO] IPUIPlugin:80 - create IPUIPlugin
2025-05-05 15:41:15,193 [INFO] PluginManager:220 - loadIPPluginJar : add stm32_wpan
2025-05-05 15:41:15,194 [INFO] IPUIPlugin:80 - create IPUIPlugin
2025-05-05 15:41:15,194 [INFO] PluginManager:220 - loadIPPluginJar : add tim
2025-05-05 15:41:15,196 [INFO] IPUIPlugin:80 - create IPUIPlugin
2025-05-05 15:41:15,196 [INFO] PluginManager:220 - loadIPPluginJar : add touchsensing
2025-05-05 15:41:15,203 [INFO] IPUIPlugin:80 - create IPUIPlugin
2025-05-05 15:41:15,203 [INFO] PluginManager:220 - loadIPPluginJar : add tracer_emb
2025-05-05 15:41:15,206 [INFO] IPUIPlugin:80 - create IPUIPlugin
2025-05-05 15:41:15,206 [INFO] PluginManager:220 - loadIPPluginJar : add ts
2025-05-05 15:41:15,207 [INFO] IPUIPlugin:80 - create IPUIPlugin
2025-05-05 15:41:15,208 [INFO] PluginManager:220 - loadIPPluginJar : add tsc
2025-05-05 15:41:15,209 [INFO] IPUIPlugin:80 - create IPUIPlugin
2025-05-05 15:41:15,209 [INFO] PluginManager:220 - loadIPPluginJar : add ucpd
2025-05-05 15:41:15,210 [INFO] IPUIPlugin:80 - create IPUIPlugin
2025-05-05 15:41:15,210 [INFO] PluginManager:220 - loadIPPluginJar : add usart
2025-05-05 15:41:15,212 [INFO] IPUIPlugin:80 - create IPUIPlugin
2025-05-05 15:41:15,213 [INFO] PluginManager:220 - loadIPPluginJar : add usbx
2025-05-05 15:41:15,325 [FATAL] Updater:351 - Updater called before beeing initialized
2025-05-05 15:41:15,358 [INFO] RulesReader:64 - Compatibility file has been processed (302 Rules)
2025-05-05 15:41:15,376 [INFO] RulesReader:64 - Compatibility file has been processed (302 Rules)
2025-05-05 15:41:15,391 [INFO] CADModel:165 - CPN selected for project level
2025-05-05 15:41:15,391 [INFO] CADModel:114 - Register for checkConnection events
2025-05-05 15:41:15,391 [FATAL] Updater:351 - Updater called before beeing initialized
2025-05-05 15:41:15,391 [ERROR] CADModel:125 - Updater not yet initialized, retry later 
2025-05-05 15:41:15,554 [FATAL] Updater:351 - Updater called before beeing initialized
2025-05-05 15:41:15,555 [INFO] CADModel:165 - CPN selected for project level
2025-05-05 15:41:15,555 [INFO] CADModel:114 - Register for checkConnection events
2025-05-05 15:41:15,555 [FATAL] Updater:351 - Updater called before beeing initialized
2025-05-05 15:41:15,555 [ERROR] CADModel:125 - Updater not yet initialized, retry later 
2025-05-05 15:41:15,558 [FATAL] Updater:351 - Updater called before beeing initialized
2025-05-05 15:41:15,689 [FATAL] Updater:351 - Updater called before beeing initialized
2025-05-05 15:41:15,711 [INFO] DbMcusAds:53 - JSON generation date=Thu Mar 06 22:54:22 GMT+08:00 2025 (1741272862078)
2025-05-05 15:41:15,711 [FATAL] Updater:351 - Updater called before beeing initialized
2025-05-05 15:41:15,747 [WARN] DetailPanel:346 - Failed to get advertising image, set to default
2025-05-05 15:41:15,923 [FATAL] Updater:351 - Updater called before beeing initialized
2025-05-05 15:41:15,924 [FATAL] Updater:351 - Updater called before beeing initialized
2025-05-05 15:41:15,924 [FATAL] Updater:351 - Updater called before beeing initialized
2025-05-05 15:41:15,924 [WARN] DetailPanel:346 - Failed to get advertising image, set to default
2025-05-05 15:41:15,925 [FATAL] Updater:351 - Updater called before beeing initialized
2025-05-05 15:41:15,969 [ERROR] Updater:1198 - MainUpdater not yet initialized. External WinMGr cannot be set.
2025-05-05 15:41:15,971 [INFO] Updater:1134 - Updater Version found : 6.14.1
2025-05-05 15:41:15,984 [INFO] ApplicationProperties:184 - Using Application install path: C:\ST\STM32CubeIDE_1.18.1\STM32CubeIDE\plugins\com.st.stm32cube.common.mx_6.14.1.202504091515
2025-05-05 15:41:16,620 [INFO] MainUpdater:2872 - connection check result : 10
2025-05-05 15:41:16,621 [INFO] MainUpdater:289 - Updater Check For Update Now.
2025-05-05 15:41:16,621 [INFO] MicroXplorer:498 - Change Database Version : DB.6.0.141
2025-05-05 15:41:16,661 [INFO] McuFinderGlobals:63 - Set McuFinder mode to 2 (CubeIDE integrated)
2025-05-05 15:41:16,661 [INFO] UserAuth:171 - activating auth plugin
2025-05-05 15:41:16,664 [INFO] UserAuth:484 - Internet connection configuration mode: 1
2025-05-05 15:41:16,717 [INFO] JxBrowserEngine:152 - Initiate JxBrowser Engine with user profile folder
2025-05-05 15:41:16,815 [INFO] CheckServerUpdateThread:120 - End of CheckServer Thread
2025-05-05 15:41:17,496 [INFO] WebApp:169 - Instantiating new browser for Auth
2025-05-05 15:41:17,964 [WARN] PackLoader:240 - Cannot read IP mode file for STMicroelectronics.FP-SNS-MOTENVWB1.1.4.0
2025-05-05 15:41:17,982 [WARN] PackLoader:240 - Cannot read IP mode file for STMicroelectronics.FP-ATR-ASTRA1.2.0.2
2025-05-05 15:41:18,003 [WARN] PackLoader:240 - Cannot read IP mode file for STMicroelectronics.X-CUBE-SMBUS.2.1.0
2025-05-05 15:41:18,046 [WARN] PackLoader:240 - Cannot read IP mode file for STMicroelectronics.X-CUBE-AZRTOS-F7.1.1.0
2025-05-05 15:41:18,086 [WARN] PackLoader:240 - Cannot read IP mode file for Infineon.AIROC-Wi-Fi-Bluetooth-STM32.1.7.0
2025-05-05 15:41:18,103 [WARN] PackLoader:240 - Cannot read IP mode file for STMicroelectronics.X-CUBE-DISPLAY.3.0.0
2025-05-05 15:41:18,128 [WARN] PackLoader:240 - Cannot read IP mode file for STMicroelectronics.X-CUBE-NFC10.1.0.0
2025-05-05 15:41:18,142 [WARN] PackLoader:240 - Cannot read IP mode file for STMicroelectronics.X-CUBE-BLEMGR.4.0.0
2025-05-05 15:41:18,151 [WARN] PackLoader:240 - Cannot read IP mode file for emotas.I-CUBE-CANOPEN.1.3.0
2025-05-05 15:41:18,155 [WARN] ConditionMgr:438 - getConditionDescription Invalid condition id : Cortex-A Device cause : null
2025-05-05 15:41:18,177 [INFO] LogOutputStream:77 - [STDOUT_REDIRECT] [ThirdParty] unknown protocol: c
2025-05-05 15:41:18,177 [WARN] PackLoader:240 - Cannot read IP mode file for quantropi.X-CUBE-qispace-sdk-base.2.0.0
2025-05-05 15:41:18,178 [WARN] ConditionMgr:1044 - genDependencies : Invalid condition id : Cortex-A Device cause : null
2025-05-05 15:41:18,178 [WARN] ConditionMgr:1044 - genDependencies : Invalid condition id : Cortex-A Device cause : null
2025-05-05 15:41:18,178 [WARN] ConditionMgr:1044 - genDependencies : Invalid condition id : Cortex-A Device cause : null
2025-05-05 15:41:18,182 [WARN] PackLoader:240 - Cannot read IP mode file for STMicroelectronics.X-CUBE-AI.10.0.0
2025-05-05 15:41:18,186 [WARN] PackLoader:240 - Cannot read IP mode file for STMicroelectronics.FP-SNS-SMARTAG2.1.2.0
2025-05-05 15:41:18,190 [WARN] PackLoader:240 - Cannot read IP mode file for STMicroelectronics.FP-SNS-FLIGHT1.5.1.0
2025-05-05 15:41:18,200 [INFO] LogOutputStream:77 - [STDOUT_REDIRECT] 1 : Invalid condition id : UX_CORESTACK_Condition cause : null
2025-05-05 15:41:18,201 [INFO] LogOutputStream:77 - [STDOUT_REDIRECT] 1 : Invalid condition id : UX_CORESTACK_Condition cause : null
2025-05-05 15:41:18,203 [INFO] LogOutputStream:77 - [STDOUT_REDIRECT] 1 : Invalid condition id : UX_CORESTACK_Condition cause : null
2025-05-05 15:41:18,205 [INFO] LogOutputStream:77 - [STDOUT_REDIRECT] 1 : Invalid condition id : UX_CORESTACK_Condition cause : null
2025-05-05 15:41:18,206 [INFO] LogOutputStream:77 - [STDOUT_REDIRECT] 1 : Invalid condition id : UX_CORESTACK_Condition cause : null
2025-05-05 15:41:18,209 [WARN] PackLoader:240 - Cannot read IP mode file for STMicroelectronics.X-CUBE-AZRTOS-WL.2.0.0
2025-05-05 15:41:18,214 [WARN] PackLoader:240 - Cannot read IP mode file for STMicroelectronics.FP-SNS-MOTENV1.5.0.0
2025-05-05 15:41:18,226 [WARN] PackLoader:240 - Cannot read IP mode file for WES.I-CUBE-Cesium.1.3.0
2025-05-05 15:41:18,231 [WARN] PackLoader:240 - Cannot read IP mode file for STMicroelectronics.X-CUBE-BLE2.3.3.0
2025-05-05 15:41:18,236 [WARN] PackLoader:240 - Cannot read IP mode file for STMicroelectronics.X-CUBE-NFC9.1.0.0
2025-05-05 15:41:18,242 [WARN] PackLoader:240 - Cannot read IP mode file for STMicroelectronics.X-CUBE-BLE1.7.1.0
2025-05-05 15:41:18,245 [WARN] PackLoader:240 - Cannot read IP mode file for wolfSSL.I-CUBE-wolfMQTT.1.19.2
2025-05-05 15:41:18,281 [WARN] PackLoader:240 - Cannot read IP mode file for STMicroelectronics.X-CUBE-MEMS1.11.2.0
2025-05-05 15:41:18,394 [WARN] PackLoader:240 - Cannot read IP mode file for STMicroelectronics.X-CUBE-AZRTOS-G0.1.1.0
2025-05-05 15:41:18,400 [WARN] PackLoader:240 - Cannot read IP mode file for STMicroelectronics.X-CUBE-SAFEA1.1.2.2
2025-05-05 15:41:18,405 [WARN] PackLoader:240 - Cannot read IP mode file for STMicroelectronics.X-CUBE-NFC4.3.0.0
2025-05-05 15:41:18,411 [WARN] PackLoader:240 - Cannot read IP mode file for EmbeddedOffice.I-CUBE-FS-RTOS.1.0.1
2025-05-05 15:41:18,416 [WARN] PackLoader:240 - Cannot read IP mode file for STMicroelectronics.X-CUBE-WB05N.2.0.0
2025-05-05 15:41:18,420 [WARN] PackLoader:240 - Cannot read IP mode file for wolfSSL.I-CUBE-wolfTPM.3.8.0
2025-05-05 15:41:18,425 [WARN] PackLoader:240 - Cannot read IP mode file for STMicroelectronics.X-CUBE-TCPP.4.2.0
2025-05-05 15:41:18,430 [WARN] PackLoader:240 - Cannot read IP mode file for RealThread.X-CUBE-RT-Thread_Nano.4.1.1
2025-05-05 15:41:18,433 [WARN] PackLoader:240 - Cannot read IP mode file for STMicroelectronics.FP-ATR-SIGFOX1.3.2.0
2025-05-05 15:41:18,437 [WARN] PackLoader:240 - Cannot read IP mode file for STMicroelectronics.X-CUBE-EEPRMA1.5.1.0
2025-05-05 15:41:18,442 [WARN] PackLoader:240 - Cannot read IP mode file for wolfSSL.I-CUBE-wolfSSL.5.7.6
2025-05-05 15:41:18,446 [WARN] PackLoader:240 - Cannot read IP mode file for ITTIA_DB.I-CUBE-ITTIADB.8.9.0
2025-05-05 15:41:18,464 [WARN] PackLoader:240 - Cannot read IP mode file for SEGGER.I-CUBE-embOS.1.3.1
2025-05-05 15:41:18,557 [WARN] PackLoader:240 - Cannot read IP mode file for STMicroelectronics.X-CUBE-ALGOBUILD.1.4.0
2025-05-05 15:41:18,583 [WARN] PackLoader:240 - Cannot read IP mode file for STMicroelectronics.X-CUBE-AZRTOS-F4.1.1.0
2025-05-05 15:41:18,589 [WARN] PackLoader:240 - Cannot read IP mode file for Avnet-IotConnect.X-CUBE-IoTC-DA16k-PMOD.1.0.0
2025-05-05 15:41:18,594 [WARN] PackLoader:240 - Cannot read IP mode file for STMicroelectronics.X-CUBE-ISPU.2.1.0
2025-05-05 15:41:18,605 [WARN] PackLoader:240 - Cannot read IP mode file for STMicroelectronics.X-CUBE-AZRTOS-L5.2.0.0
2025-05-05 15:41:18,613 [WARN] PackLoader:240 - Cannot read IP mode file for STMicroelectronics.X-CUBE-NFC6.3.1.0
2025-05-05 15:41:18,620 [WARN] PackLoader:240 - Cannot read IP mode file for STMicroelectronics.X-CUBE-FREERTOS.1.3.0
2025-05-05 15:41:18,626 [WARN] PackLoader:240 - Cannot read IP mode file for STMicroelectronics.X-CUBE-NFC7.1.0.1
2025-05-05 15:41:18,633 [WARN] PackLoader:240 - Cannot read IP mode file for STMicroelectronics.X-CUBE-DPower.1.3.0
2025-05-05 15:41:18,644 [WARN] ConditionMgr:438 - getConditionDescription Invalid condition id : LAN8742 Phy interface Condition cause : null
2025-05-05 15:41:18,644 [WARN] PackLoader:240 - Cannot read IP mode file for STMicroelectronics.X-CUBE-AZRTOS-L4.2.0.0
2025-05-05 15:41:18,644 [WARN] ConditionMgr:1044 - genDependencies : Invalid condition id : LAN8742 Phy interface Condition cause : null
2025-05-05 15:41:18,645 [WARN] ConditionMgr:1044 - genDependencies : Invalid condition id : LAN8742 Phy interface Condition cause : null
2025-05-05 15:41:18,645 [WARN] ConditionMgr:1044 - genDependencies : Invalid condition id : LAN8742 Phy interface Condition cause : null
2025-05-05 15:41:18,651 [WARN] PackLoader:240 - Cannot read IP mode file for STMicroelectronics.X-CUBE-SFXS2LP1.4.0.0
2025-05-05 15:41:18,664 [WARN] PackLoader:240 - Cannot read IP mode file for STMicroelectronics.X-CUBE-AZRTOS-H7.3.3.0
2025-05-05 15:41:18,675 [WARN] ConditionMgr:438 - getConditionDescription Invalid condition id : UX DEVICE CLASS RTOS Condition cause : null
2025-05-05 15:41:18,676 [WARN] ConditionMgr:438 - getConditionDescription Invalid condition id : UX DEVICE CLASS RTOS Condition cause : null
2025-05-05 15:41:18,677 [WARN] PackLoader:240 - Cannot read IP mode file for STMicroelectronics.X-CUBE-AZRTOS-WB.2.0.0
2025-05-05 15:41:18,677 [WARN] ConditionMgr:1044 - genDependencies : Invalid condition id : UX DEVICE CLASS RTOS Condition cause : null
2025-05-05 15:41:18,677 [WARN] ConditionMgr:1044 - genDependencies : Invalid condition id : UX DEVICE CLASS RTOS Condition cause : null
2025-05-05 15:41:18,678 [WARN] ConditionMgr:1044 - genDependencies : Invalid condition id : UX DEVICE CLASS RTOS Condition cause : null
2025-05-05 15:41:18,678 [WARN] ConditionMgr:1044 - genDependencies : Invalid condition id : UX DEVICE CLASS RTOS Condition cause : null
2025-05-05 15:41:18,678 [WARN] ConditionMgr:1044 - genDependencies : Invalid condition id : UX DEVICE CLASS RTOS Condition cause : null
2025-05-05 15:41:18,685 [WARN] PackLoader:240 - Cannot read IP mode file for STMicroelectronics.X-CUBE-GNSS1.7.0.1
2025-05-05 15:41:18,703 [WARN] PackLoader:240 - Cannot read IP mode file for STMicroelectronics.X-CUBE-TOUCHGFX.4.25.0
2025-05-05 15:41:18,708 [WARN] PackLoader:240 - Cannot read IP mode file for STMicroelectronics.FP-SNS-STBOX1.2.0.0
2025-05-05 15:41:18,717 [WARN] PackLoader:240 - Cannot read IP mode file for STMicroelectronics.X-CUBE-SUBG2.5.0.0
2025-05-05 15:41:18,732 [WARN] PackLoader:240 - Cannot read IP mode file for STMicroelectronics.X-CUBE-AZRTOS-H7RS.1.1.0
2025-05-05 15:41:18,737 [WARN] PackLoader:240 - Cannot read IP mode file for Cesanta.I-CUBE-Mongoose.7.13.0
2025-05-05 15:41:18,744 [WARN] PackLoader:240 - Cannot read IP mode file for STMicroelectronics.X-CUBE-AZRTOS-G4.2.0.0
2025-05-05 15:41:18,751 [WARN] PackLoader:240 - Cannot read IP mode file for wolfSSL.I-CUBE-wolfSSH.1.4.20
2025-05-05 15:41:18,754 [WARN] PackLoader:240 - Cannot read IP mode file for STMicroelectronics.X-CUBE-NFC7.2.0.0
2025-05-05 15:41:18,764 [WARN] PackLoader:240 - Cannot read IP mode file for STMicroelectronics.X-CUBE-IPS.3.1.0
2025-05-05 15:41:18,777 [WARN] PackLoader:240 - Cannot read IP mode file for STMicroelectronics.X-CUBE-ALS.1.0.2
2025-05-05 15:41:18,783 [WARN] PackLoader:240 - Cannot read IP mode file for portGmbH.I-Cube-SoM-uGOAL.1.1.0
2025-05-05 15:41:18,792 [WARN] PackLoader:240 - Cannot read IP mode file for STMicroelectronics.X-CUBE-TOF1.3.4.3
2025-05-05 15:41:18,801 [INFO] ThirdParty:978 - Integrity check success = true
2025-05-05 15:41:18,801 [INFO] IntegrityCheckThread:100 - exiting critical section [integrity check]
2025-05-05 15:41:18,801 [INFO] IntegrityCheckThread:103 - End integrity checks thread
2025-05-05 15:41:19,547 [INFO] WebApp:463 - Apply proxy settings
2025-05-05 15:41:19,548 [INFO] WebApp:548 - Chromium requires no authentication
2025-05-05 15:41:19,554 [INFO] WebApp:491 - Direct internet connection detected
2025-05-05 15:41:19,581 [INFO] WebApp:894 - Register for checkConnection events
2025-05-05 15:41:19,582 [INFO] WebApp:463 - Apply proxy settings
2025-05-05 15:41:19,582 [INFO] WebApp:548 - Chromium requires no authentication
2025-05-05 15:41:19,583 [INFO] WebApp:491 - Direct internet connection detected
2025-05-05 15:41:19,718 [INFO] WebApp:225 - Starting web application
2025-05-05 15:41:19,718 [INFO] WebApp:593 - Web application path used C:\ST\STM32CubeIDE_1.18.1\STM32CubeIDE\plugins\com.st.stm32cube.common.mx_6.14.1.202504091515\db\plugins\mcufinder\reactClient1\index.html
2025-05-05 15:42:53,393 [ERROR] ConfigurationRetriever:142 - IOException on connection: Read timed out
2025-05-05 15:43:00,774 [ERROR] LogOutputStream:75 - [STDERR_REDIRECT] 
